2025-03-11 22:35:01,621 INFO o.a.j.u.JMeterUtils: Setting Locale to en_EN
2025-03-11 22:35:01,629 INFO o.a.j.JMeter: Loading user properties from: /opt/homebrew/Cellar/jmeter/5.6.3/libexec/bin/user.properties
2025-03-11 22:35:01,629 INFO o.a.j.JMeter: Loading system properties from: /opt/homebrew/Cellar/jmeter/5.6.3/libexec/bin/system.properties
2025-03-11 22:35:01,630 INFO o.a.j.JMeter: Copyright (c) 1998-2024 The Apache Software Foundation
2025-03-11 22:35:01,630 INFO o.a.j.JMeter: Version 5.6.3
2025-03-11 22:35:01,630 INFO o.a.j.JMeter: java.version=21.0.6
2025-03-11 22:35:01,630 INFO o.a.j.JMeter: java.vm.name=OpenJDK 64-Bit Server VM
2025-03-11 22:35:01,630 INFO o.a.j.JMeter: os.name=Mac OS X
2025-03-11 22:35:01,630 INFO o.a.j.JMeter: os.arch=aarch64
2025-03-11 22:35:01,630 INFO o.a.j.JMeter: os.version=15.3.1
2025-03-11 22:35:01,630 INFO o.a.j.JMeter: file.encoding=UTF-8
2025-03-11 22:35:01,631 INFO o.a.j.JMeter: java.awt.headless=null
2025-03-11 22:35:01,631 INFO o.a.j.JMeter: Max memory     =1073741824
2025-03-11 22:35:01,631 INFO o.a.j.JMeter: Available Processors =12
2025-03-11 22:35:01,634 INFO o.a.j.JMeter: Default Locale=English (EN)
2025-03-11 22:35:01,634 INFO o.a.j.JMeter: JMeter  Locale=English (EN)
2025-03-11 22:35:01,634 INFO o.a.j.JMeter: JMeterHome=/opt/homebrew/Cellar/jmeter/5.6.3/libexec
2025-03-11 22:35:01,634 INFO o.a.j.JMeter: user.dir  =/Users/nistweise/Desktop/Performance_Workshop/02_Demo_GP
2025-03-11 22:35:01,634 INFO o.a.j.JMeter: PWD       =/Users/nistweise/Desktop/Performance_Workshop/02_Demo_GP
2025-03-11 22:35:01,636 INFO o.a.j.JMeter: IP: 127.0.0.1 Name: fourty.local FullName: localhost
2025-03-11 22:35:01,640 INFO o.a.j.JMeter: Loaded icon properties from org/apache/jmeter/images/icon.properties
2025-03-11 22:35:01,786 INFO o.a.j.JMeterGuiLauncher: Setting LAF to: com.github.weisj.darklaf.DarkLaf:com.github.weisj.darklaf.theme.DarculaTheme
2025-03-11 22:35:02,425 INFO o.a.j.r.ClassFinder: Will scan jar /opt/homebrew/Cellar/jmeter/5.6.3/libexec/lib/ext/jmeter-plugins-manager-1.9.jar with filter ExtendsClassFilter [parents=[interface org.apache.jmeter.gui.action.Command], inner=false, contains=null, notContains=null]. Consider exposing JMeter plugins via META-INF/services, and add JMeter-Skip-Class-Scanning=true manifest attribute so JMeter can skip classfile scanning
2025-03-11 22:35:02,497 INFO o.a.j.r.ClassFinder: Will scan jar /opt/homebrew/Cellar/jmeter/5.6.3/libexec/lib/ext/jmeter-plugins-manager-1.9.jar with filter ExtendsClassFilter [parents=[interface org.apache.jmeter.gui.plugin.MenuCreator], inner=false, contains=null, notContains=null]. Consider exposing JMeter plugins via META-INF/services, and add JMeter-Skip-Class-Scanning=true manifest attribute so JMeter can skip classfile scanning
2025-03-11 22:35:02,539 INFO o.j.r.JARSourceHTTP: Found cached repo
2025-03-11 22:35:02,590 INFO o.j.r.PluginManager: Plugins Status: [jpgc-plugins-manager=1.9, jmeter-core=5.6.3, jmeter-ftp=5.6.3, jmeter-http=5.6.3, jmeter-jdbc=5.6.3, jmeter-jms=5.6.3, jmeter-junit=5.6.3, jmeter-java=5.6.3, jmeter-ldap=5.6.3, jmeter-mail=5.6.3, jmeter-mongodb=5.6.3, jmeter-native=5.6.3, jmeter-tcp=5.6.3, jmeter-components=5.6.3]
2025-03-11 22:35:02,590 INFO o.j.r.PluginManagerMenuItem: Plugins Manager has upgrades: [jpgc-plugins-manager]
2025-03-11 22:35:18,631 INFO o.a.j.s.FileServer: Default base='/Users/nistweise/Desktop/Performance_Workshop/02_Demo_GP'
2025-03-11 22:35:18,632 INFO o.a.j.g.a.Load: Loading file: /Users/nistweise/Desktop/Performance_Workshop/02_Demo_GP/jmeter.jmx
2025-03-11 22:35:18,632 INFO o.a.j.s.FileServer: Set new base='/Users/nistweise/Desktop/Performance_Workshop/02_Demo_GP'
2025-03-11 22:35:18,704 INFO o.a.j.s.SaveService: Testplan (JMX) version: 2.2. Testlog (JTL) version: 2.2
2025-03-11 22:35:18,707 INFO o.a.j.s.SaveService: Using SaveService properties version 5.0
2025-03-11 22:35:18,707 INFO o.a.j.s.SaveService: Using SaveService properties file encoding UTF-8
2025-03-11 22:35:18,708 INFO o.a.j.s.SaveService: Loading file: /Users/nistweise/Desktop/Performance_Workshop/02_Demo_GP/jmeter.jmx
2025-03-11 22:35:18,733 INFO o.a.j.p.h.s.HTTPSamplerBase: Parser for text/html is org.apache.jmeter.protocol.http.parser.LagartoBasedHtmlParser
2025-03-11 22:35:18,733 INFO o.a.j.p.h.s.HTTPSamplerBase: Parser for application/xhtml+xml is org.apache.jmeter.protocol.http.parser.LagartoBasedHtmlParser
2025-03-11 22:35:18,734 INFO o.a.j.p.h.s.HTTPSamplerBase: Parser for application/xml is org.apache.jmeter.protocol.http.parser.LagartoBasedHtmlParser
2025-03-11 22:35:18,734 INFO o.a.j.p.h.s.HTTPSamplerBase: Parser for text/xml is org.apache.jmeter.protocol.http.parser.LagartoBasedHtmlParser
2025-03-11 22:35:18,734 INFO o.a.j.p.h.s.HTTPSamplerBase: Parser for text/vnd.wap.wml is org.apache.jmeter.protocol.http.parser.RegexpHTMLParser
2025-03-11 22:35:18,734 INFO o.a.j.p.h.s.HTTPSamplerBase: Parser for text/css is org.apache.jmeter.protocol.http.parser.CssParser
2025-03-11 22:35:18,799 INFO o.a.j.s.SampleResult: Note: Sample TimeStamps are START times
2025-03-11 22:35:18,799 INFO o.a.j.s.SampleResult: sampleresult.default.encoding is set to UTF-8
2025-03-11 22:35:18,799 INFO o.a.j.s.SampleResult: sampleresult.useNanoTime=true
2025-03-11 22:35:18,799 INFO o.a.j.s.SampleResult: sampleresult.nanoThreadSleep=5000
2025-03-11 22:35:18,829 INFO o.a.j.r.ClassFinder: Will scan jar /opt/homebrew/Cellar/jmeter/5.6.3/libexec/lib/ext/jmeter-plugins-manager-1.9.jar with filter ExtendsClassFilter [parents=[interface org.apache.jmeter.visualizers.ResultRenderer], inner=false, contains=null, notContains=null]. Consider exposing JMeter plugins via META-INF/services, and add JMeter-Skip-Class-Scanning=true manifest attribute so JMeter can skip classfile scanning
2025-03-11 22:35:18,836 INFO o.a.j.r.ClassFinder: Will scan jar /opt/homebrew/Cellar/jmeter/5.6.3/libexec/lib/ext/jmeter-plugins-manager-1.9.jar with filter ExtendsClassFilter [parents=[interface org.apache.jmeter.visualizers.RequestView], inner=false, contains=null, notContains=null]. Consider exposing JMeter plugins via META-INF/services, and add JMeter-Skip-Class-Scanning=true manifest attribute so JMeter can skip classfile scanning
2025-03-11 22:35:18,852 INFO o.a.j.s.FileServer: Set new base='/Users/nistweise/Desktop/Performance_Workshop/02_Demo_GP'
2025-03-11 22:35:46,732 INFO o.a.j.e.StandardJMeterEngine: Running the test!
2025-03-11 22:35:46,733 INFO o.a.j.s.SampleEvent: List of sample_variables: []
2025-03-11 22:35:46,733 INFO o.a.j.s.SampleEvent: List of sample_variables: []
2025-03-11 22:35:46,734 INFO o.a.j.e.u.CompoundVariable: Note: Function class names must contain the string: '.functions.'
2025-03-11 22:35:46,734 INFO o.a.j.e.u.CompoundVariable: Note: Function class names must not contain the string: '.gui.'
2025-03-11 22:35:46,754 INFO o.a.j.r.ClassFinder: Will scan jar /opt/homebrew/Cellar/jmeter/5.6.3/libexec/lib/ext/jmeter-plugins-manager-1.9.jar with filter ExtendsClassFilter [parents=[interface org.apache.jmeter.functions.Function], inner=false, contains=null, notContains=null]. Consider exposing JMeter plugins via META-INF/services, and add JMeter-Skip-Class-Scanning=true manifest attribute so JMeter can skip classfile scanning
2025-03-11 22:35:46,756 INFO o.a.j.g.u.JMeterMenuBar: setRunning(true, *local*)
2025-03-11 22:35:46,775 INFO o.a.j.e.StandardJMeterEngine: Starting ThreadGroup: 1 : Thread Group
2025-03-11 22:35:46,775 INFO o.a.j.e.StandardJMeterEngine: Starting 50 threads for group Thread Group.
2025-03-11 22:35:46,775 INFO o.a.j.e.StandardJMeterEngine: Thread will continue on error
2025-03-11 22:35:46,775 INFO o.a.j.t.ThreadGroup: Starting thread group... number=1 threads=50 ramp-up=7 delayedStart=false
2025-03-11 22:35:46,777 INFO o.a.j.t.JMeterThread: Thread started: Thread Group 1-1
2025-03-11 22:35:46,780 INFO o.a.j.p.h.s.HTTPHCAbstractImpl: Local host = fourty.local
2025-03-11 22:35:46,781 INFO o.a.j.t.ThreadGroup: Started thread group number 1
2025-03-11 22:35:46,781 INFO o.a.j.e.StandardJMeterEngine: All thread groups have been started
2025-03-11 22:35:46,782 INFO o.a.j.p.h.s.HTTPHC4Impl: HTTP request retry count = 0
2025-03-11 22:35:46,921 INFO o.a.j.t.JMeterThread: Thread started: Thread Group 1-2
2025-03-11 22:35:47,061 INFO o.a.j.t.JMeterThread: Thread started: Thread Group 1-3
2025-03-11 22:35:47,199 INFO o.a.j.t.JMeterThread: Thread started: Thread Group 1-4
2025-03-11 22:35:47,340 INFO o.a.j.t.JMeterThread: Thread started: Thread Group 1-5
2025-03-11 22:35:47,476 INFO o.a.j.t.JMeterThread: Thread started: Thread Group 1-6
2025-03-11 22:35:47,620 INFO o.a.j.t.JMeterThread: Thread started: Thread Group 1-7
2025-03-11 22:35:47,755 INFO o.a.j.t.JMeterThread: Thread started: Thread Group 1-8
2025-03-11 22:35:47,898 INFO o.a.j.t.JMeterThread: Thread started: Thread Group 1-9
2025-03-11 22:35:48,039 INFO o.a.j.t.JMeterThread: Thread started: Thread Group 1-10
2025-03-11 22:35:48,176 INFO o.a.j.t.JMeterThread: Thread started: Thread Group 1-11
2025-03-11 22:35:48,319 INFO o.a.j.t.JMeterThread: Thread started: Thread Group 1-12
2025-03-11 22:35:48,460 INFO o.a.j.t.JMeterThread: Thread started: Thread Group 1-13
2025-03-11 22:35:48,602 INFO o.a.j.t.JMeterThread: Thread started: Thread Group 1-14
2025-03-11 22:35:48,740 INFO o.a.j.t.JMeterThread: Thread started: Thread Group 1-15
2025-03-11 22:35:48,880 INFO o.a.j.t.JMeterThread: Thread started: Thread Group 1-16
2025-03-11 22:35:49,017 INFO o.a.j.t.JMeterThread: Thread started: Thread Group 1-17
2025-03-11 22:35:49,160 INFO o.a.j.t.JMeterThread: Thread started: Thread Group 1-18
2025-03-11 22:35:49,302 INFO o.a.j.t.JMeterThread: Thread started: Thread Group 1-19
2025-03-11 22:35:49,436 INFO o.a.j.t.JMeterThread: Thread started: Thread Group 1-20
2025-03-11 22:35:49,581 INFO o.a.j.t.JMeterThread: Thread started: Thread Group 1-21
2025-03-11 22:35:49,721 INFO o.a.j.t.JMeterThread: Thread started: Thread Group 1-22
2025-03-11 22:35:49,858 INFO o.a.j.t.JMeterThread: Thread started: Thread Group 1-23
2025-03-11 22:35:50,001 INFO o.a.j.t.JMeterThread: Thread started: Thread Group 1-24
2025-03-11 22:35:50,140 INFO o.a.j.t.JMeterThread: Thread started: Thread Group 1-25
2025-03-11 22:35:50,280 INFO o.a.j.t.JMeterThread: Thread started: Thread Group 1-26
2025-03-11 22:35:50,420 INFO o.a.j.t.JMeterThread: Thread started: Thread Group 1-27
2025-03-11 22:35:50,559 INFO o.a.j.t.JMeterThread: Thread started: Thread Group 1-28
2025-03-11 22:35:50,696 INFO o.a.j.t.JMeterThread: Thread started: Thread Group 1-29
2025-03-11 22:35:50,840 INFO o.a.j.t.JMeterThread: Thread started: Thread Group 1-30
2025-03-11 22:35:50,988 INFO o.a.j.t.JMeterThread: Thread started: Thread Group 1-31
2025-03-11 22:35:51,117 INFO o.a.j.t.JMeterThread: Thread started: Thread Group 1-32
2025-03-11 22:35:51,260 INFO o.a.j.t.JMeterThread: Thread started: Thread Group 1-33
2025-03-11 22:35:51,398 INFO o.a.j.t.JMeterThread: Thread started: Thread Group 1-34
2025-03-11 22:35:51,542 INFO o.a.j.t.JMeterThread: Thread started: Thread Group 1-35
2025-03-11 22:35:51,675 INFO o.a.j.t.JMeterThread: Thread started: Thread Group 1-36
2025-03-11 22:35:51,819 INFO o.a.j.t.JMeterThread: Thread started: Thread Group 1-37
2025-03-11 22:35:51,957 INFO o.a.j.t.JMeterThread: Thread started: Thread Group 1-38
2025-03-11 22:35:52,100 INFO o.a.j.t.JMeterThread: Thread started: Thread Group 1-39
2025-03-11 22:35:52,241 INFO o.a.j.t.JMeterThread: Thread started: Thread Group 1-40
2025-03-11 22:35:52,381 INFO o.a.j.t.JMeterThread: Thread started: Thread Group 1-41
2025-03-11 22:35:52,518 INFO o.a.j.t.JMeterThread: Thread started: Thread Group 1-42
2025-03-11 22:35:52,658 INFO o.a.j.t.JMeterThread: Thread started: Thread Group 1-43
2025-03-11 22:35:52,800 INFO o.a.j.t.JMeterThread: Thread started: Thread Group 1-44
2025-03-11 22:35:52,941 INFO o.a.j.t.JMeterThread: Thread started: Thread Group 1-45
2025-03-11 22:35:53,076 INFO o.a.j.t.JMeterThread: Thread started: Thread Group 1-46
2025-03-11 22:35:53,219 INFO o.a.j.t.JMeterThread: Thread started: Thread Group 1-47
2025-03-11 22:35:53,360 INFO o.a.j.t.JMeterThread: Thread started: Thread Group 1-48
2025-03-11 22:35:53,505 INFO o.a.j.t.JMeterThread: Thread started: Thread Group 1-49
2025-03-11 22:35:53,640 INFO o.a.j.t.JMeterThread: Thread started: Thread Group 1-50
2025-03-11 22:36:35,751 INFO o.a.j.g.a.Start: Stopping test
2025-03-11 22:36:35,763 INFO o.a.j.t.JMeterThread: Stopping: Thread Group 1-24
2025-03-11 22:36:35,764 WARN o.a.j.t.JMeterThread: Interrupting: Thread Group 1-24 sampler: HTTP Request
2025-03-11 22:36:35,765 INFO o.a.j.t.JMeterThread: Stopping: Thread Group 1-41
2025-03-11 22:36:35,765 WARN o.a.j.t.JMeterThread: Interrupting: Thread Group 1-41 sampler: HTTP Request
2025-03-11 22:36:35,765 INFO o.a.j.t.JMeterThread: Stopping: Thread Group 1-48
2025-03-11 22:36:35,765 WARN o.a.j.t.JMeterThread: Interrupting: Thread Group 1-48 sampler: HTTP Request
2025-03-11 22:36:35,766 INFO o.a.j.t.JMeterThread: Stopping: Thread Group 1-17
2025-03-11 22:36:35,766 WARN o.a.j.t.JMeterThread: Interrupting: Thread Group 1-17 sampler: HTTP Request
2025-03-11 22:36:35,766 INFO o.a.j.t.JMeterThread: Stopping: Thread Group 1-21
2025-03-11 22:36:35,766 INFO o.a.j.t.JMeterThread: Thread finished: Thread Group 1-48
2025-03-11 22:36:35,766 WARN o.a.j.t.JMeterThread: Interrupting: Thread Group 1-21 sampler: HTTP Request
2025-03-11 22:36:35,766 INFO o.a.j.t.JMeterThread: Thread finished: Thread Group 1-24
2025-03-11 22:36:35,766 INFO o.a.j.t.JMeterThread: Stopping: Thread Group 1-12
2025-03-11 22:36:35,766 INFO o.a.j.t.JMeterThread: Thread finished: Thread Group 1-17
2025-03-11 22:36:35,766 INFO o.a.j.t.JMeterThread: Thread finished: Thread Group 1-41
2025-03-11 22:36:35,766 WARN o.a.j.t.JMeterThread: Interrupting: Thread Group 1-12 sampler: HTTP Request
2025-03-11 22:36:35,767 INFO o.a.j.t.JMeterThread: Stopping: Thread Group 1-36
2025-03-11 22:36:35,767 WARN o.a.j.t.JMeterThread: Interrupting: Thread Group 1-36 sampler: HTTP Request
2025-03-11 22:36:35,767 INFO o.a.j.t.JMeterThread: Thread finished: Thread Group 1-21
2025-03-11 22:36:35,767 INFO o.a.j.t.JMeterThread: Stopping: Thread Group 1-4
2025-03-11 22:36:35,767 INFO o.a.j.t.JMeterThread: Thread finished: Thread Group 1-12
2025-03-11 22:36:35,767 WARN o.a.j.t.JMeterThread: Interrupting: Thread Group 1-4 sampler: HTTP Request
2025-03-11 22:36:35,767 INFO o.a.j.t.JMeterThread: Stopping: Thread Group 1-42
2025-03-11 22:36:35,767 INFO o.a.j.t.JMeterThread: Thread finished: Thread Group 1-36
2025-03-11 22:36:35,767 WARN o.a.j.t.JMeterThread: Interrupting: Thread Group 1-42 sampler: HTTP Request
2025-03-11 22:36:35,768 INFO o.a.j.t.JMeterThread: Stopping: Thread Group 1-30
2025-03-11 22:36:35,768 WARN o.a.j.t.JMeterThread: Interrupting: Thread Group 1-30 sampler: HTTP Request
2025-03-11 22:36:35,768 INFO o.a.j.t.JMeterThread: Thread finished: Thread Group 1-4
2025-03-11 22:36:35,768 INFO o.a.j.t.JMeterThread: Thread finished: Thread Group 1-42
2025-03-11 22:36:35,768 INFO o.a.j.t.JMeterThread: Stopping: Thread Group 1-47
2025-03-11 22:36:35,768 WARN o.a.j.t.JMeterThread: Interrupting: Thread Group 1-47 sampler: HTTP Request
2025-03-11 22:36:35,768 INFO o.a.j.t.JMeterThread: Stopping: Thread Group 1-10
2025-03-11 22:36:35,768 WARN o.a.j.t.JMeterThread: Interrupting: Thread Group 1-10 sampler: HTTP Request
2025-03-11 22:36:35,768 INFO o.a.j.t.JMeterThread: Thread finished: Thread Group 1-30
2025-03-11 22:36:35,769 INFO o.a.j.t.JMeterThread: Thread finished: Thread Group 1-47
2025-03-11 22:36:35,769 INFO o.a.j.t.JMeterThread: Stopping: Thread Group 1-9
2025-03-11 22:36:35,769 WARN o.a.j.t.JMeterThread: Interrupting: Thread Group 1-9 sampler: HTTP Request
2025-03-11 22:36:35,769 INFO o.a.j.t.JMeterThread: Stopping: Thread Group 1-25
2025-03-11 22:36:35,769 WARN o.a.j.t.JMeterThread: Interrupting: Thread Group 1-25 sampler: HTTP Request
2025-03-11 22:36:35,769 INFO o.a.j.t.JMeterThread: Thread finished: Thread Group 1-10
2025-03-11 22:36:35,769 INFO o.a.j.t.JMeterThread: Stopping: Thread Group 1-35
2025-03-11 22:36:35,769 WARN o.a.j.t.JMeterThread: Interrupting: Thread Group 1-35 sampler: HTTP Request
2025-03-11 22:36:35,769 INFO o.a.j.t.JMeterThread: Thread finished: Thread Group 1-9
2025-03-11 22:36:35,769 INFO o.a.j.t.JMeterThread: Stopping: Thread Group 1-50
2025-03-11 22:36:35,769 WARN o.a.j.t.JMeterThread: Interrupting: Thread Group 1-50 sampler: HTTP Request
2025-03-11 22:36:35,769 INFO o.a.j.t.JMeterThread: Thread finished: Thread Group 1-35
2025-03-11 22:36:35,769 INFO o.a.j.t.JMeterThread: Thread finished: Thread Group 1-25
2025-03-11 22:36:35,769 INFO o.a.j.t.JMeterThread: Stopping: Thread Group 1-44
2025-03-11 22:36:35,769 WARN o.a.j.t.JMeterThread: Interrupting: Thread Group 1-44 sampler: HTTP Request
2025-03-11 22:36:35,770 INFO o.a.j.t.JMeterThread: Stopping: Thread Group 1-32
2025-03-11 22:36:35,770 WARN o.a.j.t.JMeterThread: Interrupting: Thread Group 1-32 sampler: HTTP Request
2025-03-11 22:36:35,770 INFO o.a.j.t.JMeterThread: Stopping: Thread Group 1-29
2025-03-11 22:36:35,770 WARN o.a.j.t.JMeterThread: Interrupting: Thread Group 1-29 sampler: HTTP Request
2025-03-11 22:36:35,770 INFO o.a.j.t.JMeterThread: Thread finished: Thread Group 1-50
2025-03-11 22:36:35,770 INFO o.a.j.t.JMeterThread: Stopping: Thread Group 1-2
2025-03-11 22:36:35,770 INFO o.a.j.t.JMeterThread: Thread finished: Thread Group 1-44
2025-03-11 22:36:35,770 INFO o.a.j.t.JMeterThread: Thread finished: Thread Group 1-32
2025-03-11 22:36:35,770 WARN o.a.j.t.JMeterThread: Interrupting: Thread Group 1-2 sampler: HTTP Request
2025-03-11 22:36:35,770 INFO o.a.j.t.JMeterThread: Stopping: Thread Group 1-46
2025-03-11 22:36:35,770 WARN o.a.j.t.JMeterThread: Interrupting: Thread Group 1-46 sampler: HTTP Request
2025-03-11 22:36:35,770 INFO o.a.j.t.JMeterThread: Thread finished: Thread Group 1-29
2025-03-11 22:36:35,770 INFO o.a.j.t.JMeterThread: Stopping: Thread Group 1-13
2025-03-11 22:36:35,771 WARN o.a.j.t.JMeterThread: Interrupting: Thread Group 1-13 sampler: HTTP Request
2025-03-11 22:36:35,771 INFO o.a.j.t.JMeterThread: Thread finished: Thread Group 1-2
2025-03-11 22:36:35,771 INFO o.a.j.t.JMeterThread: Stopping: Thread Group 1-27
2025-03-11 22:36:35,771 WARN o.a.j.t.JMeterThread: Interrupting: Thread Group 1-27 sampler: HTTP Request
2025-03-11 22:36:35,771 INFO o.a.j.t.JMeterThread: Thread finished: Thread Group 1-46
2025-03-11 22:36:35,771 INFO o.a.j.t.JMeterThread: Stopping: Thread Group 1-31
2025-03-11 22:36:35,771 WARN o.a.j.t.JMeterThread: Interrupting: Thread Group 1-31 sampler: HTTP Request
2025-03-11 22:36:35,771 INFO o.a.j.t.JMeterThread: Thread finished: Thread Group 1-13
2025-03-11 22:36:35,771 INFO o.a.j.t.JMeterThread: Stopping: Thread Group 1-15
2025-03-11 22:36:35,771 INFO o.a.j.t.JMeterThread: Thread finished: Thread Group 1-27
2025-03-11 22:36:35,771 WARN o.a.j.t.JMeterThread: Interrupting: Thread Group 1-15 sampler: HTTP Request
2025-03-11 22:36:35,771 INFO o.a.j.t.JMeterThread: Stopping: Thread Group 1-14
2025-03-11 22:36:35,771 WARN o.a.j.t.JMeterThread: Interrupting: Thread Group 1-14 sampler: HTTP Request
2025-03-11 22:36:35,771 INFO o.a.j.t.JMeterThread: Thread finished: Thread Group 1-31
2025-03-11 22:36:35,772 INFO o.a.j.t.JMeterThread: Stopping: Thread Group 1-5
2025-03-11 22:36:35,772 INFO o.a.j.t.JMeterThread: Thread finished: Thread Group 1-15
2025-03-11 22:36:35,772 WARN o.a.j.t.JMeterThread: Interrupting: Thread Group 1-5 sampler: HTTP Request
2025-03-11 22:36:35,772 INFO o.a.j.t.JMeterThread: Thread finished: Thread Group 1-14
2025-03-11 22:36:35,772 INFO o.a.j.t.JMeterThread: Stopping: Thread Group 1-8
2025-03-11 22:36:35,772 WARN o.a.j.t.JMeterThread: Interrupting: Thread Group 1-8 sampler: HTTP Request
2025-03-11 22:36:35,772 INFO o.a.j.t.JMeterThread: Stopping: Thread Group 1-7
2025-03-11 22:36:35,772 WARN o.a.j.t.JMeterThread: Interrupting: Thread Group 1-7 sampler: HTTP Request
2025-03-11 22:36:35,772 INFO o.a.j.t.JMeterThread: Thread finished: Thread Group 1-5
2025-03-11 22:36:35,772 INFO o.a.j.t.JMeterThread: Thread finished: Thread Group 1-8
2025-03-11 22:36:35,772 INFO o.a.j.t.JMeterThread: Stopping: Thread Group 1-49
2025-03-11 22:36:35,772 WARN o.a.j.t.JMeterThread: Interrupting: Thread Group 1-49 sampler: HTTP Request
2025-03-11 22:36:35,772 INFO o.a.j.t.JMeterThread: Thread finished: Thread Group 1-7
2025-03-11 22:36:35,772 INFO o.a.j.t.JMeterThread: Stopping: Thread Group 1-18
2025-03-11 22:36:35,773 WARN o.a.j.t.JMeterThread: Interrupting: Thread Group 1-18 sampler: HTTP Request
2025-03-11 22:36:35,773 INFO o.a.j.t.JMeterThread: Thread finished: Thread Group 1-49
2025-03-11 22:36:35,773 INFO o.a.j.t.JMeterThread: Stopping: Thread Group 1-1
2025-03-11 22:36:35,773 WARN o.a.j.t.JMeterThread: Interrupting: Thread Group 1-1 sampler: HTTP Request
2025-03-11 22:36:35,773 INFO o.a.j.t.JMeterThread: Thread finished: Thread Group 1-18
2025-03-11 22:36:35,773 INFO o.a.j.t.JMeterThread: Stopping: Thread Group 1-45
2025-03-11 22:36:35,773 WARN o.a.j.t.JMeterThread: Interrupting: Thread Group 1-45 sampler: HTTP Request
2025-03-11 22:36:35,773 INFO o.a.j.t.JMeterThread: Stopping: Thread Group 1-20
2025-03-11 22:36:35,773 INFO o.a.j.t.JMeterThread: Thread finished: Thread Group 1-1
2025-03-11 22:36:35,773 WARN o.a.j.t.JMeterThread: Interrupting: Thread Group 1-20 sampler: HTTP Request
2025-03-11 22:36:35,773 INFO o.a.j.t.JMeterThread: Stopping: Thread Group 1-33
2025-03-11 22:36:35,773 WARN o.a.j.t.JMeterThread: Interrupting: Thread Group 1-33 sampler: HTTP Request
2025-03-11 22:36:35,773 INFO o.a.j.t.JMeterThread: Thread finished: Thread Group 1-45
2025-03-11 22:36:35,773 INFO o.a.j.t.JMeterThread: Stopping: Thread Group 1-11
2025-03-11 22:36:35,773 WARN o.a.j.t.JMeterThread: Interrupting: Thread Group 1-11 sampler: HTTP Request
2025-03-11 22:36:35,773 INFO o.a.j.t.JMeterThread: Thread finished: Thread Group 1-20
2025-03-11 22:36:35,773 INFO o.a.j.t.JMeterThread: Thread finished: Thread Group 1-33
2025-03-11 22:36:35,774 INFO o.a.j.t.JMeterThread: Stopping: Thread Group 1-43
2025-03-11 22:36:35,774 WARN o.a.j.t.JMeterThread: Interrupting: Thread Group 1-43 sampler: HTTP Request
2025-03-11 22:36:35,774 INFO o.a.j.t.JMeterThread: Thread finished: Thread Group 1-11
2025-03-11 22:36:35,774 INFO o.a.j.t.JMeterThread: Stopping: Thread Group 1-22
2025-03-11 22:36:35,774 WARN o.a.j.t.JMeterThread: Interrupting: Thread Group 1-22 sampler: HTTP Request
2025-03-11 22:36:35,774 INFO o.a.j.t.JMeterThread: Thread finished: Thread Group 1-43
2025-03-11 22:36:35,774 INFO o.a.j.t.JMeterThread: Stopping: Thread Group 1-26
2025-03-11 22:36:35,774 WARN o.a.j.t.JMeterThread: Interrupting: Thread Group 1-26 sampler: HTTP Request
2025-03-11 22:36:35,774 INFO o.a.j.t.JMeterThread: Stopping: Thread Group 1-3
2025-03-11 22:36:35,774 WARN o.a.j.t.JMeterThread: Interrupting: Thread Group 1-3 sampler: HTTP Request
2025-03-11 22:36:35,774 INFO o.a.j.t.JMeterThread: Thread finished: Thread Group 1-22
2025-03-11 22:36:35,774 INFO o.a.j.t.JMeterThread: Stopping: Thread Group 1-34
2025-03-11 22:36:35,775 WARN o.a.j.t.JMeterThread: Interrupting: Thread Group 1-34 sampler: HTTP Request
2025-03-11 22:36:35,775 INFO o.a.j.t.JMeterThread: Thread finished: Thread Group 1-26
2025-03-11 22:36:35,775 INFO o.a.j.t.JMeterThread: Thread finished: Thread Group 1-3
2025-03-11 22:36:35,775 INFO o.a.j.t.JMeterThread: Stopping: Thread Group 1-40
2025-03-11 22:36:35,775 WARN o.a.j.t.JMeterThread: Interrupting: Thread Group 1-40 sampler: HTTP Request
2025-03-11 22:36:35,775 INFO o.a.j.t.JMeterThread: Thread finished: Thread Group 1-34
2025-03-11 22:36:35,775 INFO o.a.j.t.JMeterThread: Stopping: Thread Group 1-38
2025-03-11 22:36:35,775 WARN o.a.j.t.JMeterThread: Interrupting: Thread Group 1-38 sampler: HTTP Request
2025-03-11 22:36:35,775 INFO o.a.j.t.JMeterThread: Thread finished: Thread Group 1-40
2025-03-11 22:36:35,775 INFO o.a.j.t.JMeterThread: Stopping: Thread Group 1-28
2025-03-11 22:36:35,776 WARN o.a.j.t.JMeterThread: Interrupting: Thread Group 1-28 sampler: HTTP Request
2025-03-11 22:36:35,776 INFO o.a.j.t.JMeterThread: Thread finished: Thread Group 1-38
2025-03-11 22:36:35,776 INFO o.a.j.t.JMeterThread: Stopping: Thread Group 1-23
2025-03-11 22:36:35,776 WARN o.a.j.t.JMeterThread: Interrupting: Thread Group 1-23 sampler: HTTP Request
2025-03-11 22:36:35,776 INFO o.a.j.t.JMeterThread: Thread finished: Thread Group 1-28
2025-03-11 22:36:35,776 INFO o.a.j.t.JMeterThread: Stopping: Thread Group 1-37
2025-03-11 22:36:35,776 WARN o.a.j.t.JMeterThread: Interrupting: Thread Group 1-37 sampler: HTTP Request
2025-03-11 22:36:35,776 INFO o.a.j.t.JMeterThread: Thread finished: Thread Group 1-23
2025-03-11 22:36:35,776 INFO o.a.j.t.JMeterThread: Stopping: Thread Group 1-39
2025-03-11 22:36:35,776 WARN o.a.j.t.JMeterThread: Interrupting: Thread Group 1-39 sampler: HTTP Request
2025-03-11 22:36:35,776 INFO o.a.j.t.JMeterThread: Thread finished: Thread Group 1-37
2025-03-11 22:36:35,776 INFO o.a.j.t.JMeterThread: Stopping: Thread Group 1-19
2025-03-11 22:36:35,777 WARN o.a.j.t.JMeterThread: Interrupting: Thread Group 1-19 sampler: HTTP Request
2025-03-11 22:36:35,777 INFO o.a.j.t.JMeterThread: Thread finished: Thread Group 1-39
2025-03-11 22:36:35,777 INFO o.a.j.t.JMeterThread: Stopping: Thread Group 1-6
2025-03-11 22:36:35,777 WARN o.a.j.t.JMeterThread: Interrupting: Thread Group 1-6 sampler: HTTP Request
2025-03-11 22:36:35,777 INFO o.a.j.t.JMeterThread: Thread finished: Thread Group 1-19
2025-03-11 22:36:35,777 INFO o.a.j.t.JMeterThread: Stopping: Thread Group 1-16
2025-03-11 22:36:35,777 WARN o.a.j.t.JMeterThread: Interrupting: Thread Group 1-16 sampler: HTTP Request
2025-03-11 22:36:35,777 INFO o.a.j.t.JMeterThread: Thread finished: Thread Group 1-6
2025-03-11 22:36:35,777 INFO o.a.j.t.JMeterThread: Thread finished: Thread Group 1-16
2025-03-11 22:36:35,778 INFO o.a.j.e.StandardJMeterEngine: Notifying test listeners of end of test
2025-03-11 22:36:35,778 INFO o.a.j.g.u.JMeterMenuBar: setRunning(false, *local*)
2025-03-11 22:37:00,204 INFO o.a.j.e.StandardJMeterEngine: Running the test!
2025-03-11 22:37:00,204 INFO o.a.j.s.SampleEvent: List of sample_variables: []
2025-03-11 22:37:00,205 INFO o.a.j.g.u.JMeterMenuBar: setRunning(true, *local*)
2025-03-11 22:37:00,232 INFO o.a.j.e.StandardJMeterEngine: Starting ThreadGroup: 1 : Thread Group
2025-03-11 22:37:00,233 INFO o.a.j.e.StandardJMeterEngine: Starting 5 threads for group Thread Group.
2025-03-11 22:37:00,233 INFO o.a.j.e.StandardJMeterEngine: Thread will continue on error
2025-03-11 22:37:00,233 INFO o.a.j.t.ThreadGroup: Starting thread group... number=1 threads=5 ramp-up=1 delayedStart=false
2025-03-11 22:37:00,233 INFO o.a.j.t.JMeterThread: Thread started: Thread Group 1-1
2025-03-11 22:37:00,233 INFO o.a.j.t.ThreadGroup: Started thread group number 1
2025-03-11 22:37:00,234 INFO o.a.j.e.StandardJMeterEngine: All thread groups have been started
2025-03-11 22:37:00,438 INFO o.a.j.t.JMeterThread: Thread started: Thread Group 1-2
2025-03-11 22:37:00,638 INFO o.a.j.t.JMeterThread: Thread started: Thread Group 1-3
2025-03-11 22:37:00,838 INFO o.a.j.t.JMeterThread: Thread started: Thread Group 1-4
2025-03-11 22:37:01,038 INFO o.a.j.t.JMeterThread: Thread started: Thread Group 1-5
2025-03-11 22:37:01,207 INFO o.a.j.t.JMeterThread: Thread is done: Thread Group 1-3
2025-03-11 22:37:01,207 INFO o.a.j.t.JMeterThread: Thread finished: Thread Group 1-3
2025-03-11 22:37:01,411 INFO o.a.j.t.JMeterThread: Thread is done: Thread Group 1-1
2025-03-11 22:37:01,411 INFO o.a.j.t.JMeterThread: Thread finished: Thread Group 1-1
2025-03-11 22:37:01,763 INFO o.a.j.t.JMeterThread: Thread is done: Thread Group 1-2
2025-03-11 22:37:01,763 INFO o.a.j.t.JMeterThread: Thread finished: Thread Group 1-2
2025-03-11 22:37:01,905 INFO o.a.j.t.JMeterThread: Thread is done: Thread Group 1-4
2025-03-11 22:37:01,905 INFO o.a.j.t.JMeterThread: Thread finished: Thread Group 1-4
2025-03-11 22:37:02,216 INFO o.a.j.t.JMeterThread: Thread is done: Thread Group 1-5
2025-03-11 22:37:02,216 INFO o.a.j.t.JMeterThread: Thread finished: Thread Group 1-5
2025-03-11 22:37:02,216 INFO o.a.j.e.StandardJMeterEngine: Notifying test listeners of end of test
2025-03-11 22:37:02,216 INFO o.a.j.g.u.JMeterMenuBar: setRunning(false, *local*)
2025-03-11 22:37:13,195 INFO o.a.j.e.StandardJMeterEngine: Running the test!
2025-03-11 22:37:13,195 INFO o.a.j.s.SampleEvent: List of sample_variables: []
2025-03-11 22:37:13,196 INFO o.a.j.g.u.JMeterMenuBar: setRunning(true, *local*)
2025-03-11 22:37:13,220 INFO o.a.j.e.StandardJMeterEngine: Starting ThreadGroup: 1 : Thread Group
2025-03-11 22:37:13,221 INFO o.a.j.e.StandardJMeterEngine: Starting 5 threads for group Thread Group.
2025-03-11 22:37:13,221 INFO o.a.j.e.StandardJMeterEngine: Thread will continue on error
2025-03-11 22:37:13,221 INFO o.a.j.t.ThreadGroup: Starting thread group... number=1 threads=5 ramp-up=1 delayedStart=false
2025-03-11 22:37:13,221 INFO o.a.j.t.JMeterThread: Thread started: Thread Group 1-1
2025-03-11 22:37:13,222 INFO o.a.j.t.ThreadGroup: Started thread group number 1
2025-03-11 22:37:13,222 INFO o.a.j.e.StandardJMeterEngine: All thread groups have been started
2025-03-11 22:37:13,426 INFO o.a.j.t.JMeterThread: Thread started: Thread Group 1-2
2025-03-11 22:37:13,622 INFO o.a.j.t.JMeterThread: Thread started: Thread Group 1-3
2025-03-11 22:37:13,825 INFO o.a.j.t.JMeterThread: Thread started: Thread Group 1-4
2025-03-11 22:37:14,027 INFO o.a.j.t.JMeterThread: Thread started: Thread Group 1-5
2025-03-11 22:37:14,343 INFO o.a.j.t.JMeterThread: Thread is done: Thread Group 1-1
2025-03-11 22:37:14,343 INFO o.a.j.t.JMeterThread: Thread finished: Thread Group 1-1
2025-03-11 22:37:14,568 INFO o.a.j.t.JMeterThread: Thread is done: Thread Group 1-2
2025-03-11 22:37:14,568 INFO o.a.j.t.JMeterThread: Thread finished: Thread Group 1-2
2025-03-11 22:37:14,839 INFO o.a.j.t.JMeterThread: Thread is done: Thread Group 1-4
2025-03-11 22:37:14,840 INFO o.a.j.t.JMeterThread: Thread finished: Thread Group 1-4
2025-03-11 22:37:14,983 INFO o.a.j.t.JMeterThread: Thread is done: Thread Group 1-3
2025-03-11 22:37:14,983 INFO o.a.j.t.JMeterThread: Thread finished: Thread Group 1-3
2025-03-11 22:37:15,108 INFO o.a.j.t.JMeterThread: Thread is done: Thread Group 1-5
2025-03-11 22:37:15,108 INFO o.a.j.t.JMeterThread: Thread finished: Thread Group 1-5
2025-03-11 22:37:15,108 INFO o.a.j.e.StandardJMeterEngine: Notifying test listeners of end of test
2025-03-11 22:37:15,108 INFO o.a.j.g.u.JMeterMenuBar: setRunning(false, *local*)
